LexToken(FUNCTION_DEFINITION,'def',1,0)
LexToken(SPACE,' ',1,3)
LexToken(FUNCTION_NAME,'FUNCwtf',1,4)
LexToken(SPACE,' ',1,11)
LexToken(VARIABLE,'A',1,12)
LexToken(SPACE,' ',1,13)
LexToken(VARIABLE,'B',1,14)
LexToken(SPACE,' ',1,15)
LexToken(BODY,'\n  FUNCww(A),FUNCww(B); // hello\n}\n',1,50)
LexToken(FUNCTION_DEFINITION,'def',6,53)
LexToken(SPACE,' ',6,56)
LexToken(FUNCTION_NAME,'FUNCww',6,57)
LexToken(SPACE,' ',6,63)
LexToken(VARIABLE,'A',6,64)
LexToken(SPACE,' ',6,65)
LexToken(BODY,'\n  Ing=A;\n  Ing=A;\n}\n',6,86)
LexToken(START_MAIN,'main',12,89)
LexToken(SPACE,' ',13,94)
LexToken(SPACE,' ',13,95)
LexToken(TYPE_INT,'int',13,96)
LexToken(SPACE,' ',13,99)
LexToken(VARIABLE,'A',13,100)
LexToken(OPERATOR_ASSIGNMENT,':=',13,101)
LexToken(NUMBER,123,13,103)
LexToken(SEMICOLON,';',13,106)
LexToken(SPACE,' ',14,108)
LexToken(SPACE,' ',14,109)
LexToken(VARIABLE,'A',14,110)
LexToken(OR,'||',14,111)
LexToken(VARIABLE,'A',14,113)
LexToken(SEMICOLON,';',14,114)
LexToken(SPACE,' ',15,116)
LexToken(SPACE,' ',15,117)
LexToken(FUNCTION_NAME,'FUNCww',15,118)
LexToken(OPEN_CIRC_BR,'(',15,124)
LexToken(VARIABLE,'A',15,125)
LexToken(CLOSE_CIRC_BR,')',15,126)
LexToken(SEMICOLON,';',15,127)
